Using pre-set license
Built from '2021.3/staging' branch; Version is '2021.3.22f1 (b6c551784ba3) revision 11978065'; Using compiler version '192829333'; Build Type 'Release'
OS: 'Windows 10  (10.0.19045) 64bit Professional' Language: 'en' Physical Memory: 16298 MB
BatchMode: 1, IsHumanControllingUs: 0, StartBugReporterOnCrash: 0, Is64bit: 1, IsPro: 1

COMMAND LINE ARGUMENTS:
C:\Program Files\Unity\Hub\Editor\2021.3.22f1\Editor\Unity.exe
-adb2
-batchMode
-noUpm
-name
AssetImportWorker2
-projectPath
C:/Users/Alp/Unity/BalisicaURP
-logFile
Logs/AssetImportWorker2.log
-srvPort
54052
Successfully changed project path to: C:/Users/Alp/Unity/BalisicaURP
C:/Users/Alp/Unity/BalisicaURP
[UnityMemory] Configuration Parameters - Can be set up in boot.config
    "memorysetup-bucket-allocator-granularity=16"
    "memorysetup-bucket-allocator-bucket-count=8"
    "memorysetup-bucket-allocator-block-size=33554432"
    "memorysetup-bucket-allocator-block-count=8"
    "memorysetup-main-allocator-block-size=16777216"
    "memorysetup-thread-allocator-block-size=16777216"
    "memorysetup-gfx-main-allocator-block-size=16777216"
    "memorysetup-gfx-thread-allocator-block-size=16777216"
    "memorysetup-cache-allocator-block-size=4194304"
    "memorysetup-typetree-allocator-block-size=2097152"
    "memorysetup-profiler-bucket-allocator-granularity=16"
    "memorysetup-profiler-bucket-allocator-bucket-count=8"
    "memorysetup-profiler-bucket-allocator-block-size=33554432"
    "memorysetup-profiler-bucket-allocator-block-count=8"
    "memorysetup-profiler-allocator-block-size=16777216"
    "memorysetup-profiler-editor-allocator-block-size=1048576"
    "memorysetup-temp-allocator-size-main=16777216"
    "memorysetup-job-temp-allocator-block-size=2097152"
    "memorysetup-job-temp-allocator-block-size-background=1048576"
    "memorysetup-job-temp-allocator-reduction-small-platforms=262144"
    "memorysetup-temp-allocator-size-background-worker=32768"
    "memorysetup-temp-allocator-size-job-worker=262144"
    "memorysetup-temp-allocator-size-preload-manager=33554432"
    "memorysetup-temp-allocator-size-nav-mesh-worker=65536"
    "memorysetup-temp-allocator-size-audio-worker=65536"
    "memorysetup-temp-allocator-size-cloud-worker=32768"
    "memorysetup-temp-allocator-size-gi-baking-worker=262144"
    "memorysetup-temp-allocator-size-gfx=262144"
Player connection [12440] Host "[IP] 192.168.1.27 [Port] 0 [Flags] 2 [Guid] 2895615846 [EditorId] 2895615846 [Version] 1048832 [Id] WindowsEditor(7,DESKTOP-7OL6E6N) [Debug] 1 [PackageName] WindowsEditor [ProjectName] Editor" joined multi-casting on [225.0.0.222:54997]...

Player connection [12440] Host "[IP] 192.168.1.27 [Port] 0 [Flags] 2 [Guid] 2895615846 [EditorId] 2895615846 [Version] 1048832 [Id] WindowsEditor(7,DESKTOP-7OL6E6N) [Debug] 1 [PackageName] WindowsEditor [ProjectName] Editor" joined alternative multi-casting on [225.0.0.222:34997]...

Refreshing native plugins compatible for Editor in 99.62 ms, found 3 plugins.
Preloading 0 native plugins for Editor in 0.00 ms.
Initialize engine version: 2021.3.22f1 (b6c551784ba3)
[Subsystems] Discovering subsystems at path C:/Program Files/Unity/Hub/Editor/2021.3.22f1/Editor/Data/Resources/UnitySubsystems
[Subsystems] Discovering subsystems at path C:/Users/Alp/Unity/BalisicaURP/Assets
GfxDevice: creating device client; threaded=0; jobified=0
Direct3D:
    Version:  Direct3D 11.0 [level 11.1]
    Renderer: NVIDIA GeForce RTX 2080 SUPER (ID=0x1e81)
    Vendor:   NVIDIA
    VRAM:     8001 MB
    Driver:   31.0.15.3742
Initialize mono
Mono path[0] = 'C:/Program Files/Unity/Hub/Editor/2021.3.22f1/Editor/Data/Managed'
Mono path[1] = 'C:/Program Files/Unity/Hub/Editor/2021.3.22f1/Editor/Data/MonoBleedingEdge/lib/mono/unityjit-win32'
Mono config path = 'C:/Program Files/Unity/Hub/Editor/2021.3.22f1/Editor/Data/MonoBleedingEdge/etc'
Using monoOptions --debugger-agent=transport=dt_socket,embedding=1,server=y,suspend=n,address=127.0.0.1:56816
Begin MonoManager ReloadAssembly
Registering precompiled unity dll's ...
Register platform support module: C:/Program Files/Unity/Hub/Editor/2021.3.22f1/Editor/Data/PlaybackEngines/WindowsStandaloneSupport/UnityEditor.WindowsStandalone.Extensions.dll
Registered in 0.008032 seconds.
Native extension for WindowsStandalone target not found
Refreshing native plugins compatible for Editor in 94.26 ms, found 3 plugins.
Preloading 0 native plugins for Editor in 0.00 ms.
Mono: successfully reloaded assembly
- Completed reload, in  0.604 seconds
Domain Reload Profiling:
	ReloadAssembly (604ms)
		BeginReloadAssembly (86ms)
			ExecutionOrderSort (0ms)
			DisableScriptedObjects (0ms)
			BackupInstance (0ms)
			ReleaseScriptingObjects (0ms)
			CreateAndSetChildDomain (1ms)
		EndReloadAssembly (423ms)
			LoadAssemblies (83ms)
			RebuildTransferFunctionScriptingTraits (0ms)
			SetupTypeCache (101ms)
			ReleaseScriptCaches (0ms)
			RebuildScriptCaches (24ms)
			SetupLoadedEditorAssemblies (251ms)
				LogAssemblyErrors (0ms)
				InitializePlatformSupportModulesInManaged (7ms)
				SetLoadedEditorAssemblies (0ms)
				RefreshPlugins (94ms)
				BeforeProcessingInitializeOnLoad (1ms)
				ProcessInitializeOnLoadAttributes (106ms)
				ProcessInitializeOnLoadMethodAttributes (41ms)
				AfterProcessingInitializeOnLoad (0ms)
				EditorAssembliesLoaded (0ms)
			ExecutionOrderSort2 (0ms)
			AwakeInstancesAfterBackupRestoration (0ms)
Platform modules already initialized, skipping
Registering precompiled user dll's ...
Registered in 0.007387 seconds.
Begin MonoManager ReloadAssembly
Symbol file LoadedFromMemory doesn't match image C:\Users\Alp\Unity\BalisicaURP\Library\PackageCache\com.unity.visualscripting@1.8.0\Editor\VisualScripting.Core\Dependencies\YamlDotNet\Unity.VisualScripting.YamlDotNet.dll
Symbol file LoadedFromMemory doesn't match image C:\Users\Alp\Unity\BalisicaURP\Library\PackageCache\com.unity.visualscripting@1.8.0\Editor\VisualScripting.Core\Dependencies\DotNetZip\Unity.VisualScripting.IonicZip.dll
Native extension for WindowsStandalone target not found
Refreshing native plugins compatible for Editor in 101.12 ms, found 3 plugins.
Preloading 0 native plugins for Editor in 0.00 ms.
Mono: successfully reloaded assembly
- Completed reload, in  1.168 seconds
Domain Reload Profiling:
	ReloadAssembly (1169ms)
		BeginReloadAssembly (113ms)
			ExecutionOrderSort (0ms)
			DisableScriptedObjects (5ms)
			BackupInstance (0ms)
			ReleaseScriptingObjects (0ms)
			CreateAndSetChildDomain (19ms)
		EndReloadAssembly (952ms)
			LoadAssemblies (92ms)
			RebuildTransferFunctionScriptingTraits (0ms)
			SetupTypeCache (273ms)
			ReleaseScriptCaches (1ms)
			RebuildScriptCaches (52ms)
			SetupLoadedEditorAssemblies (505ms)
				LogAssemblyErrors (0ms)
				InitializePlatformSupportModulesInManaged (4ms)
				SetLoadedEditorAssemblies (0ms)
				RefreshPlugins (101ms)
				BeforeProcessingInitializeOnLoad (106ms)
				ProcessInitializeOnLoadAttributes (213ms)
				ProcessInitializeOnLoadMethodAttributes (71ms)
				AfterProcessingInitializeOnLoad (9ms)
				EditorAssembliesLoaded (0ms)
			ExecutionOrderSort2 (0ms)
			AwakeInstancesAfterBackupRestoration (5ms)
Platform modules already initialized, skipping
========================================================================
Worker process is ready to serve import requests
Launched and connected shader compiler UnityShaderCompiler.exe after 0.04 seconds
Refreshing native plugins compatible for Editor in 0.69 ms, found 3 plugins.
Preloading 0 native plugins for Editor in 0.00 ms.
Unloading 4734 Unused Serialized files (Serialized files now loaded: 0)
Unloading 38 unused Assets / (1.0 MB). Loaded Objects now: 5185.
Memory consumption went from 193.0 MB to 192.0 MB.
Total: 3.296400 ms (FindLiveObjects: 0.340400 ms CreateObjectMapping: 0.274400 ms MarkObjects: 2.220200 ms  DeleteObjects: 0.460700 ms)

AssetImportParameters requested are different than current active one (requested -> active):
  custom:video-decoder-ogg-theora: a1e56fd34408186e4bbccfd4996cb3dc -> 
  custom:container-muxer-webm: aa71ff27fc2769a1b78a27578f13a17b -> 
  custom:container-demuxer-webm: 4f35f7cbe854078d1ac9338744f61a02 -> 
  custom:video-encoder-webm-vp8: eb34c28f22e8b96e1ab97ce403110664 -> 
  custom:audio-encoder-webm-vorbis: bf7c407c2cedff20999df2af8eb42d56 -> 
  custom:framework-win-MediaFoundation: 216162199b28c13a410421893ffa2e32 -> 
  custom:container-demuxer-ogg: 62fdf1f143b41e24485cea50d1cbac27 -> 
  custom:video-decoder-webm-vp8: 9c59270c3fd7afecdb556c50c9e8de78 -> 
  custom:audio-decoder-ogg-vorbis: bf7c407c2cedff20999df2af8eb42d56 -> 
========================================================================
Received Import Request.
  Time since last request: 691964.815013 seconds.
  path: Assets/Demo/Prefab/DemoBridge.prefab
  artifactKey: Guid(e41f417801f6ef643ab2877e789775b0) Importer(815301076,1909f56bfc062723c751e8b465ee728b)
Start importing Assets/Demo/Prefab/DemoBridge.prefab using Guid(e41f417801f6ef643ab2877e789775b0) Importer(815301076,1909f56bfc062723c751e8b465ee728b)  -> (artifact id: 'b7cab7a7e4c89e73706e2061e650612e') in 0.242581 seconds 
========================================================================
Received Import Request.
  Time since last request: 141.318343 seconds.
  path: Assets/Demo/Obj/pillar.obj
  artifactKey: Guid(f56c3363f2b770f42a5ea8b452c228ac) Importer(815301076,1909f56bfc062723c751e8b465ee728b)
Start importing Assets/Demo/Obj/pillar.obj using Guid(f56c3363f2b770f42a5ea8b452c228ac) Importer(815301076,1909f56bfc062723c751e8b465ee728b)  -> (artifact id: '187849818d1ce1832f1311757a24fd0a') in 0.062386 seconds 
========================================================================
Received Import Request.
  Time since last request: 120.908488 seconds.
  path: Assets/Demo/Prefab/DemoBridge.prefab
  artifactKey: Guid(e41f417801f6ef643ab2877e789775b0) Importer(815301076,1909f56bfc062723c751e8b465ee728b)
Start importing Assets/Demo/Prefab/DemoBridge.prefab using Guid(e41f417801f6ef643ab2877e789775b0) Importer(815301076,1909f56bfc062723c751e8b465ee728b)  -> (artifact id: '059e8778b4c3ff60da50c897c899bed2') in 0.025123 seconds 
========================================================================
Received Import Request.
  Time since last request: 0.000021 seconds.
  path: Assets/Demo/Prefab/emoBridge_obstacle_bridge 1.prefab
  artifactKey: Guid(aa52b1cb53891f14583f77a362fbff94) Importer(815301076,1909f56bfc062723c751e8b465ee728b)
Start importing Assets/Demo/Prefab/emoBridge_obstacle_bridge 1.prefab using Guid(aa52b1cb53891f14583f77a362fbff94) Importer(815301076,1909f56bfc062723c751e8b465ee728b)  -> (artifact id: 'ccbd6a6b0c4435511fe4499e16de420d') in 0.027838 seconds 
========================================================================
Received Import Request.
  Time since last request: 0.000019 seconds.
  path: Assets/Demo/Prefab/DemoBridge_obstacle_L.prefab
  artifactKey: Guid(39d2d35dadac9ba4e8eaf036a564d82c) Importer(815301076,1909f56bfc062723c751e8b465ee728b)
Start importing Assets/Demo/Prefab/DemoBridge_obstacle_L.prefab using Guid(39d2d35dadac9ba4e8eaf036a564d82c) Importer(815301076,1909f56bfc062723c751e8b465ee728b)  -> (artifact id: 'c8bd6c40dd4ee77a6e690402a5672d5b') in 0.031441 seconds 
========================================================================
Received Import Request.
  Time since last request: 0.000023 seconds.
  path: Assets/Demo/Prefab/DemoBridge_obstacle_Ground.prefab
  artifactKey: Guid(3e67dea58d9968c42bce3ebe7eac954a) Importer(815301076,1909f56bfc062723c751e8b465ee728b)
Start importing Assets/Demo/Prefab/DemoBridge_obstacle_Ground.prefab using Guid(3e67dea58d9968c42bce3ebe7eac954a) Importer(815301076,1909f56bfc062723c751e8b465ee728b)  -> (artifact id: '96327a333a6367077df68820a76ccf13') in 0.022452 seconds 
Editor requested this worker to shutdown with reason: Scaling down because of idle timeout
AssetImportWorker is now disconnected from the server
Process exiting
Exiting without the bug reporter. Application will terminate with return code 0